200504 140000.026|CONFIG|main|setFileHandlers|Now logging to E:\Code\BT tren lp\DaA2020\pc2Client\bin\logs directory.
200504 140000.028|INFO|main|info|
200504 140000.032|INFO|main|info|Version 9.6.0 20190102 (Wednesday, January 2nd 2019 01:20 UTC) Java ver 1.8.0_221 build 5102 Windows 10 10.0 (x86) 
200504 140000.032|INFO|main|startLog|Working directory is E:\Code\BT tren lp\DaA2020\pc2Client\bin
200504 140000.046|INFO|main|startLog|Process id is 13020@DESKTOP-V75864E
200504 140000.046|INFO|main|start|Starting ConnectionManager...
200504 140000.376|INFO|main|start|Started ConnectionManager
200504 140000.385|INFO|main|setClientServerAndPort|INIFile File location: file:/E:/Code/BT%20tren%20lp/DaA2020/pc2Client/bin/pc2v9.ini
200504 140000.387|INFO|main|setClientServerAndPort|setClientServerAndPort 203.162.10.117 parsed as 203.162.10.117 port 50002
200504 140000.387|INFO|main|info|Contacting server at 203.162.10.117:50002
200504 140000.387|INFO|main|connectToMyServer|Connecting to 203.162.10.117:50002
200504 140000.558|INFO|Thread-1|receiveUnencrypted|receiveUnencrypted(TransportWrapper, ConnectionHandlerID=Socket[addr=/203.162.10.117,port=50002,localport=56951]-1527687663160074915)
200504 140000.971|INFO|Thread-1|receiveUnencrypted|receiveUnencrypted Made a secret key for Socket[addr=/203.162.10.117,port=50002,localport=56951]-1527687663160074915 key is com.sun.crypto.provider.DESKey@fffe7880
200504 140000.971|INFO|Thread-1|getPublicKeyPacket|Generating Unencrypted Public Key Packet
200504 140000.971|INFO|Thread-1|getPublicKeyPacket|checking key:= SunJCE Diffie-Hellman Public Key:
y:
    c435f20e 87650c6f 0d3a1db0 9c61a83c e7fd6cd8 08675b53 66d668ba 93fe4e3d
    81dac1b7 b2343688 1188764e 4216c601 f4a87d67 8086751d 00491249 86b4048b
    de8a7edf 81c8d556 f9c397d6 c6b6a8ea da25fab9 4ce9356b d56de526 4831e78e
    cb9f21f3 a2e8065c e29c0fa7 7084ab90 ecbb9de7 18461cd8 5913fbc9 8f5c547c
p:
    f488fd58 4e49dbcd 20b49de4 9107366b 336c380d 451d0f7c 88b31c7c 5b2d8ef6
    f3c923c0 43f0a55b 188d8ebb 558cb85d 38d334fd 7c175743 a31d186c de33212c
    b52aff3c e1b12940 18118d7c 84a70a72 d686c403 19c80729 7aca950c d9969fab
    d00a509b 0246d308 3d66a45d 419f9c7c bd894b22 1926baab a25ec355 e92f78c7
g:
    02
l:
    512
200504 140000.971|INFO|Thread-1|getPublicKeyPacket|packet:= edu.csus.ecs.pc2.core.transport.TransportWrapper@1ab3b2f
200504 144718.117|INFO|Thread-1|receive|Exception in receive for Socket[addr=/203.162.10.117,port=50002,localport=56951]-1527687663160074915
|java.net.SocketTimeoutException: Read timed out
|    at java.net.SocketInputStream.socketRead0 (Unknown Source)
|    at java.net.SocketInputStream.socketRead (Unknown Source)
|    at java.net.SocketInputStream.read (Unknown Source)
|    at java.net.SocketInputStream.read (Unknown Source)
|    at java.net.SocketInputStream.read (Unknown Source)
|    at java.io.ObjectInputStream$PeekInputStream.peek (Unknown Source)
|    at java.io.ObjectInputStream$BlockDataInputStream.peek (Unknown Source)
|    at java.io.ObjectInputStream$BlockDataInputStream.peekByte (Unknown Source)
|    at java.io.ObjectInputStream.readObject0 (Unknown Source)
|    at java.io.ObjectInputStream.readObject (Unknown Source)
|    at edu.csus.ecs.pc2.core.transport.ConnectionHandlerThread.receive (ConnectionHandlerThread.java:151)
|    at edu.csus.ecs.pc2.core.transport.ConnectionHandlerClientThread.run (ConnectionHandlerClientThread.java:65)
200504 144718.119|FINER|Thread-1|run|THROW
|edu.csus.ecs.pc2.core.transport.TransportException: Read timed out
|    at edu.csus.ecs.pc2.core.transport.ConnectionHandlerThread.receive (ConnectionHandlerThread.java:161)
|    at edu.csus.ecs.pc2.core.transport.ConnectionHandlerClientThread.run (ConnectionHandlerClientThread.java:65)
200504 144718.120|INFO|Thread-1|receive|SocketException in receive for Socket[addr=/203.162.10.117,port=50002,localport=56951]-1527687663160074915
|java.net.SocketException: Connection reset
|    at java.net.SocketInputStream.read (Unknown Source)
|    at java.net.SocketInputStream.read (Unknown Source)
|    at java.net.SocketInputStream.read (Unknown Source)
|    at java.io.ObjectInputStream$PeekInputStream.peek (Unknown Source)
|    at java.io.ObjectInputStream$BlockDataInputStream.peek (Unknown Source)
|    at java.io.ObjectInputStream$BlockDataInputStream.peekByte (Unknown Source)
|    at java.io.ObjectInputStream.readObject0 (Unknown Source)
|    at java.io.ObjectInputStream.readObject (Unknown Source)
|    at edu.csus.ecs.pc2.core.transport.ConnectionHandlerThread.receive (ConnectionHandlerThread.java:151)
|    at edu.csus.ecs.pc2.core.transport.ConnectionHandlerClientThread.run (ConnectionHandlerClientThread.java:65)
200504 144718.120|FINER|Thread-1|run|THROW
|edu.csus.ecs.pc2.core.transport.TransportException: Connection reset
|    at edu.csus.ecs.pc2.core.transport.ConnectionHandlerThread.receive (ConnectionHandlerThread.java:155)
|    at edu.csus.ecs.pc2.core.transport.ConnectionHandlerClientThread.run (ConnectionHandlerClientThread.java:65)
