200511 130505.898|CONFIG|main|setFileHandlers|Now logging to E:\Code\BT tren lp\DaA2020\pc2Client\bin\logs directory.
200511 130505.900|INFO|main|info|
200511 130505.904|INFO|main|info|Version 9.6.0 20190102 (Wednesday, January 2nd 2019 01:20 UTC) Java ver 1.8.0_221 build 5102 Windows 10 10.0 (x86) 
200511 130505.904|INFO|main|startLog|Working directory is E:\Code\BT tren lp\DaA2020\pc2Client\bin
200511 130505.914|INFO|main|startLog|Process id is 7940@DESKTOP-V75864E
200511 130505.915|INFO|main|start|Starting ConnectionManager...
200511 130506.223|INFO|main|start|Started ConnectionManager
200511 130506.224|INFO|main|setClientServerAndPort|INIFile File location: file:/E:/Code/BT%20tren%20lp/DaA2020/pc2Client/bin/pc2v9.ini
200511 130506.226|INFO|main|setClientServerAndPort|setClientServerAndPort 203.162.88.119 parsed as 203.162.88.119 port 51002
200511 130506.226|INFO|main|info|Contacting server at 203.162.88.119:51002
200511 130506.227|INFO|main|connectToMyServer|Connecting to 203.162.88.119:51002
200511 130506.375|INFO|Thread-1|receiveUnencrypted|receiveUnencrypted(TransportWrapper, ConnectionHandlerID=Socket[addr=/203.162.88.119,port=51002,localport=60144]-1839469316602289497)
200511 130506.756|INFO|Thread-1|receiveUnencrypted|receiveUnencrypted Made a secret key for Socket[addr=/203.162.88.119,port=51002,localport=60144]-1839469316602289497 key is com.sun.crypto.provider.DESKey@fffe7ab2
200511 130506.756|INFO|Thread-1|getPublicKeyPacket|Generating Unencrypted Public Key Packet
200511 130506.758|INFO|Thread-1|getPublicKeyPacket|checking key:= SunJCE Diffie-Hellman Public Key:
y:
    c5aa7fcc d70a4dff 9abd1e16 4579f1d9 e178f4d0 cdb93af6 e7685edc 919f820d
    1ed5429a aadd6f61 ff278ce7 a15a2e79 4632b5de b0cf3824 d018dd6d 60bb93bc
    2f678c7a cceabd54 9797a221 df40e188 358ae603 e4fde0a6 b05c3a1a f975024a
    093f73b9 8e8bd2ed be71ae28 c0756379 bd760fa0 71e1b7a4 6b174514 90d09009
p:
    f488fd58 4e49dbcd 20b49de4 9107366b 336c380d 451d0f7c 88b31c7c 5b2d8ef6
    f3c923c0 43f0a55b 188d8ebb 558cb85d 38d334fd 7c175743 a31d186c de33212c
    b52aff3c e1b12940 18118d7c 84a70a72 d686c403 19c80729 7aca950c d9969fab
    d00a509b 0246d308 3d66a45d 419f9c7c bd894b22 1926baab a25ec355 e92f78c7
g:
    02
l:
    512
200511 130506.759|INFO|Thread-1|getPublicKeyPacket|packet:= edu.csus.ecs.pc2.core.transport.TransportWrapper@432bc2
200511 131644.981|INFO|Thread-1|receive|Exception in receive for Socket[addr=/203.162.88.119,port=51002,localport=60144]-1839469316602289497
|java.net.SocketTimeoutException: Read timed out
|    at java.net.SocketInputStream.socketRead0 (Unknown Source)
|    at java.net.SocketInputStream.socketRead (Unknown Source)
|    at java.net.SocketInputStream.read (Unknown Source)
|    at java.net.SocketInputStream.read (Unknown Source)
|    at java.net.SocketInputStream.read (Unknown Source)
|    at java.io.ObjectInputStream$PeekInputStream.peek (Unknown Source)
|    at java.io.ObjectInputStream$BlockDataInputStream.peek (Unknown Source)
|    at java.io.ObjectInputStream$BlockDataInputStream.peekByte (Unknown Source)
|    at java.io.ObjectInputStream.readObject0 (Unknown Source)
|    at java.io.ObjectInputStream.readObject (Unknown Source)
|    at edu.csus.ecs.pc2.core.transport.ConnectionHandlerThread.receive (ConnectionHandlerThread.java:151)
|    at edu.csus.ecs.pc2.core.transport.ConnectionHandlerClientThread.run (ConnectionHandlerClientThread.java:65)
200511 131644.982|FINER|Thread-1|run|THROW
|edu.csus.ecs.pc2.core.transport.TransportException: Read timed out
|    at edu.csus.ecs.pc2.core.transport.ConnectionHandlerThread.receive (ConnectionHandlerThread.java:161)
|    at edu.csus.ecs.pc2.core.transport.ConnectionHandlerClientThread.run (ConnectionHandlerClientThread.java:65)
200511 131644.983|INFO|Thread-1|receive|SocketException in receive for Socket[addr=/203.162.88.119,port=51002,localport=60144]-1839469316602289497
|java.net.SocketException: Connection reset
|    at java.net.SocketInputStream.read (Unknown Source)
|    at java.net.SocketInputStream.read (Unknown Source)
|    at java.net.SocketInputStream.read (Unknown Source)
|    at java.io.ObjectInputStream$PeekInputStream.peek (Unknown Source)
|    at java.io.ObjectInputStream$BlockDataInputStream.peek (Unknown Source)
|    at java.io.ObjectInputStream$BlockDataInputStream.peekByte (Unknown Source)
|    at java.io.ObjectInputStream.readObject0 (Unknown Source)
|    at java.io.ObjectInputStream.readObject (Unknown Source)
|    at edu.csus.ecs.pc2.core.transport.ConnectionHandlerThread.receive (ConnectionHandlerThread.java:151)
|    at edu.csus.ecs.pc2.core.transport.ConnectionHandlerClientThread.run (ConnectionHandlerClientThread.java:65)
200511 131644.984|FINER|Thread-1|run|THROW
|edu.csus.ecs.pc2.core.transport.TransportException: Connection reset
|    at edu.csus.ecs.pc2.core.transport.ConnectionHandlerThread.receive (ConnectionHandlerThread.java:155)
|    at edu.csus.ecs.pc2.core.transport.ConnectionHandlerClientThread.run (ConnectionHandlerClientThread.java:65)
