200505 123710.236|CONFIG|main|setFileHandlers|Now logging to E:\Code\BT tren lp\DaA2020\pc2Client\bin\logs directory.
200505 123710.246|INFO|main|info|
200505 123710.250|INFO|main|info|Version 9.6.0 20190102 (Wednesday, January 2nd 2019 01:20 UTC) Java ver 1.8.0_221 build 5102 Windows 10 10.0 (x86) 
200505 123710.252|INFO|main|startLog|Working directory is E:\Code\BT tren lp\DaA2020\pc2Client\bin
200505 123710.277|INFO|main|startLog|Process id is 11480@DESKTOP-V75864E
200505 123710.278|INFO|main|start|Starting ConnectionManager...
200505 123711.276|INFO|main|start|Started ConnectionManager
200505 123711.278|INFO|main|setClientServerAndPort|INIFile File location: file:/E:/Code/BT%20tren%20lp/DaA2020/pc2Client/bin/pc2v9.ini
200505 123711.284|INFO|main|setClientServerAndPort|setClientServerAndPort 203.162.10.117 parsed as 203.162.10.117 port 50002
200505 123711.285|INFO|main|info|Contacting server at 203.162.10.117:50002
200505 123711.286|INFO|main|connectToMyServer|Connecting to 203.162.10.117:50002
200505 123711.490|INFO|Thread-1|receiveUnencrypted|receiveUnencrypted(TransportWrapper, ConnectionHandlerID=Socket[addr=/203.162.10.117,port=50002,localport=49737]--3291146403750131496)
200505 123712.939|INFO|Thread-1|receiveUnencrypted|receiveUnencrypted Made a secret key for Socket[addr=/203.162.10.117,port=50002,localport=49737]--3291146403750131496 key is com.sun.crypto.provider.DESKey@fffe7bab
200505 123712.940|INFO|Thread-1|getPublicKeyPacket|Generating Unencrypted Public Key Packet
200505 123712.941|INFO|Thread-1|getPublicKeyPacket|checking key:= SunJCE Diffie-Hellman Public Key:
y:
    adfbc53c 5b952ca7 55e9a982 aeeb0d9c 59979823 b8de5e84 49c40396 40183d24
    65dfe8b7 d24e5624 5a6f66ee 1ff403d3 a4751b57 b2b61d41 793c52ad 67d18180
    5fa80b84 b5da7eb2 959a68d7 7fe80d5c 26f4a805 39c96e89 20e80f21 a83158ca
    f585d8be 7d31fc74 8e6d27dc 90cf318a 3fd127a3 0265b7ab 9467986f 14b80ab8
p:
    f488fd58 4e49dbcd 20b49de4 9107366b 336c380d 451d0f7c 88b31c7c 5b2d8ef6
    f3c923c0 43f0a55b 188d8ebb 558cb85d 38d334fd 7c175743 a31d186c de33212c
    b52aff3c e1b12940 18118d7c 84a70a72 d686c403 19c80729 7aca950c d9969fab
    d00a509b 0246d308 3d66a45d 419f9c7c bd894b22 1926baab a25ec355 e92f78c7
g:
    02
l:
    512
200505 123712.942|INFO|Thread-1|getPublicKeyPacket|packet:= edu.csus.ecs.pc2.core.transport.TransportWrapper@61f920
200505 125240.350|INFO|Thread-1|receive|Exception in receive for Socket[addr=/203.162.10.117,port=50002,localport=49737]--3291146403750131496
|java.net.SocketTimeoutException: Read timed out
|    at java.net.SocketInputStream.socketRead0 (Unknown Source)
|    at java.net.SocketInputStream.socketRead (Unknown Source)
|    at java.net.SocketInputStream.read (Unknown Source)
|    at java.net.SocketInputStream.read (Unknown Source)
|    at java.net.SocketInputStream.read (Unknown Source)
|    at java.io.ObjectInputStream$PeekInputStream.peek (Unknown Source)
|    at java.io.ObjectInputStream$BlockDataInputStream.peek (Unknown Source)
|    at java.io.ObjectInputStream$BlockDataInputStream.peekByte (Unknown Source)
|    at java.io.ObjectInputStream.readObject0 (Unknown Source)
|    at java.io.ObjectInputStream.readObject (Unknown Source)
|    at edu.csus.ecs.pc2.core.transport.ConnectionHandlerThread.receive (ConnectionHandlerThread.java:151)
|    at edu.csus.ecs.pc2.core.transport.ConnectionHandlerClientThread.run (ConnectionHandlerClientThread.java:65)
200505 125240.351|FINER|Thread-1|run|THROW
|edu.csus.ecs.pc2.core.transport.TransportException: Read timed out
|    at edu.csus.ecs.pc2.core.transport.ConnectionHandlerThread.receive (ConnectionHandlerThread.java:161)
|    at edu.csus.ecs.pc2.core.transport.ConnectionHandlerClientThread.run (ConnectionHandlerClientThread.java:65)
200505 125240.352|INFO|Thread-1|receive|SocketException in receive for Socket[addr=/203.162.10.117,port=50002,localport=49737]--3291146403750131496
|java.net.SocketException: Connection reset
|    at java.net.SocketInputStream.read (Unknown Source)
|    at java.net.SocketInputStream.read (Unknown Source)
|    at java.net.SocketInputStream.read (Unknown Source)
|    at java.io.ObjectInputStream$PeekInputStream.peek (Unknown Source)
|    at java.io.ObjectInputStream$BlockDataInputStream.peek (Unknown Source)
|    at java.io.ObjectInputStream$BlockDataInputStream.peekByte (Unknown Source)
|    at java.io.ObjectInputStream.readObject0 (Unknown Source)
|    at java.io.ObjectInputStream.readObject (Unknown Source)
|    at edu.csus.ecs.pc2.core.transport.ConnectionHandlerThread.receive (ConnectionHandlerThread.java:151)
|    at edu.csus.ecs.pc2.core.transport.ConnectionHandlerClientThread.run (ConnectionHandlerClientThread.java:65)
200505 125240.352|FINER|Thread-1|run|THROW
|edu.csus.ecs.pc2.core.transport.TransportException: Connection reset
|    at edu.csus.ecs.pc2.core.transport.ConnectionHandlerThread.receive (ConnectionHandlerThread.java:155)
|    at edu.csus.ecs.pc2.core.transport.ConnectionHandlerClientThread.run (ConnectionHandlerClientThread.java:65)
