200605 205109.553|CONFIG|main|setFileHandlers|Now logging to E:\Code\BT tren lp\DaA2020\pc2Client\bin\logs directory.
200605 205109.554|INFO|main|info|
200605 205109.557|INFO|main|info|Version 9.6.0 20190102 (Wednesday, January 2nd 2019 01:20 UTC) Java ver 1.8.0_221 build 5102 Windows 10 10.0 (x86) 
200605 205109.557|INFO|main|startLog|Working directory is E:\Code\BT tren lp\DaA2020\pc2Client\bin
200605 205109.566|INFO|main|startLog|Process id is 3416@DESKTOP-V75864E
200605 205109.566|INFO|main|start|Starting ConnectionManager...
200605 205109.779|INFO|main|start|Started ConnectionManager
200605 205109.780|INFO|main|setClientServerAndPort|INIFile File location: file:/E:/Code/BT%20tren%20lp/DaA2020/pc2Client/bin/pc2v9.ini
200605 205109.781|INFO|main|setClientServerAndPort|setClientServerAndPort 203.162.10.117 parsed as 203.162.10.117 port 50002
200605 205109.781|INFO|main|info|Contacting server at 203.162.10.117:50002
200605 205109.782|INFO|main|connectToMyServer|Connecting to 203.162.10.117:50002
200605 205110.129|INFO|Thread-1|receiveUnencrypted|receiveUnencrypted(TransportWrapper, ConnectionHandlerID=Socket[addr=/203.162.10.117,port=50002,localport=64285]-5356549488856712296)
200605 205110.416|INFO|Thread-1|receiveUnencrypted|receiveUnencrypted Made a secret key for Socket[addr=/203.162.10.117,port=50002,localport=64285]-5356549488856712296 key is com.sun.crypto.provider.DESKey@18005
200605 205110.416|INFO|Thread-1|getPublicKeyPacket|Generating Unencrypted Public Key Packet
200605 205110.417|INFO|Thread-1|getPublicKeyPacket|checking key:= SunJCE Diffie-Hellman Public Key:
y:
    c9ceb76f 1696f16a de9adcdc ee6cb103 08d29b75 dcc7fe22 a0f1fdf3 0b2084ef
    a7874525 70333113 08665713 19fb9e9a 2db098ea e99fba33 6bcdeb8b 88d2ec0d
    09e4fa61 81e44abc ce082cfe 6b29868b 98ac96c2 a1573471 d3eef409 f2474d1d
    a419bdcc ba96d345 4674b2fa 885a0703 02b2ab88 5d9e3e32 bb70d0f6 dbcc282b
p:
    f488fd58 4e49dbcd 20b49de4 9107366b 336c380d 451d0f7c 88b31c7c 5b2d8ef6
    f3c923c0 43f0a55b 188d8ebb 558cb85d 38d334fd 7c175743 a31d186c de33212c
    b52aff3c e1b12940 18118d7c 84a70a72 d686c403 19c80729 7aca950c d9969fab
    d00a509b 0246d308 3d66a45d 419f9c7c bd894b22 1926baab a25ec355 e92f78c7
g:
    02
l:
    512
200605 205110.417|INFO|Thread-1|getPublicKeyPacket|packet:= edu.csus.ecs.pc2.core.transport.TransportWrapper@1ab3b2f
200605 205156.684|INFO|Thread-1|receive|SocketException in receive for Socket[addr=/203.162.10.117,port=50002,localport=64285]-5356549488856712296
|java.net.SocketException: Network is unreachable: recv failed
|    at java.net.SocketInputStream.socketRead0 (Unknown Source)
|    at java.net.SocketInputStream.socketRead (Unknown Source)
|    at java.net.SocketInputStream.read (Unknown Source)
|    at java.net.SocketInputStream.read (Unknown Source)
|    at java.io.ObjectInputStream$PeekInputStream.read (Unknown Source)
|    at java.io.ObjectInputStream$BlockDataInputStream.read (Unknown Source)
|    at java.io.ObjectInputStream$BlockDataInputStream.readFully (Unknown Source)
|    at java.io.ObjectInputStream.readArray (Unknown Source)
|    at java.io.ObjectInputStream.readObject0 (Unknown Source)
|    at java.io.ObjectInputStream.defaultReadFields (Unknown Source)
|    at java.io.ObjectInputStream.defaultReadObject (Unknown Source)
|    at javax.crypto.SealedObject.readObject (SealedObject.java:429)
|    at sun.reflect.NativeMethodAccessorImpl.invoke0 (Unknown Source)
|    at sun.reflect.NativeMethodAccessorImpl.invoke (Unknown Source)
|    at sun.reflect.DelegatingMethodAccessorImpl.invoke (Unknown Source)
|    at java.lang.reflect.Method.invoke (Unknown Source)
|    at java.io.ObjectStreamClass.invokeReadObject (Unknown Source)
|    at java.io.ObjectInputStream.readSerialData (Unknown Source)
|    at java.io.ObjectInputStream.readOrdinaryObject (Unknown Source)
|    at java.io.ObjectInputStream.readObject0 (Unknown Source)
|    at java.io.ObjectInputStream.readObject (Unknown Source)
|    at edu.csus.ecs.pc2.core.transport.ConnectionHandlerThread.receive (ConnectionHandlerThread.java:151)
|    at edu.csus.ecs.pc2.core.transport.ConnectionHandlerClientThread.run (ConnectionHandlerClientThread.java:65)
200605 205156.686|FINER|Thread-1|run|THROW
|edu.csus.ecs.pc2.core.transport.TransportException: Network is unreachable: recv failed
|    at edu.csus.ecs.pc2.core.transport.ConnectionHandlerThread.receive (ConnectionHandlerThread.java:155)
|    at edu.csus.ecs.pc2.core.transport.ConnectionHandlerClientThread.run (ConnectionHandlerClientThread.java:65)
200605 205156.687|INFO|Thread-1|receive|SocketException in receive for Socket[addr=/203.162.10.117,port=50002,localport=64285]-5356549488856712296
|java.net.SocketException: Connection reset
|    at java.net.SocketInputStream.read (Unknown Source)
|    at java.net.SocketInputStream.read (Unknown Source)
|    at java.net.SocketInputStream.read (Unknown Source)
|    at java.io.ObjectInputStream$PeekInputStream.peek (Unknown Source)
|    at java.io.ObjectInputStream$BlockDataInputStream.peek (Unknown Source)
|    at java.io.ObjectInputStream$BlockDataInputStream.peekByte (Unknown Source)
|    at java.io.ObjectInputStream.readObject0 (Unknown Source)
|    at java.io.ObjectInputStream.readObject (Unknown Source)
|    at edu.csus.ecs.pc2.core.transport.ConnectionHandlerThread.receive (ConnectionHandlerThread.java:151)
|    at edu.csus.ecs.pc2.core.transport.ConnectionHandlerClientThread.run (ConnectionHandlerClientThread.java:65)
200605 205156.687|FINER|Thread-1|run|THROW
|edu.csus.ecs.pc2.core.transport.TransportException: Connection reset
|    at edu.csus.ecs.pc2.core.transport.ConnectionHandlerThread.receive (ConnectionHandlerThread.java:155)
|    at edu.csus.ecs.pc2.core.transport.ConnectionHandlerClientThread.run (ConnectionHandlerClientThread.java:65)
