200504 211215.054|CONFIG|main|setFileHandlers|Now logging to E:\Code\BT tren lp\DaA2020\pc2Client\bin\logs directory.
200504 211215.054|INFO|main|info|
200504 211215.054|INFO|main|info|Version 9.6.0 20190102 (Wednesday, January 2nd 2019 01:20 UTC) Java ver 1.8.0_221 build 5102 Windows 10 10.0 (x86) 
200504 211215.054|INFO|main|startLog|Working directory is E:\Code\BT tren lp\DaA2020\pc2Client\bin
200504 211215.070|INFO|main|startLog|Process id is 3136@DESKTOP-V75864E
200504 211215.070|INFO|main|start|Starting ConnectionManager...
200504 211215.398|INFO|main|start|Started ConnectionManager
200504 211215.398|INFO|main|setClientServerAndPort|INIFile File location: file:/E:/Code/BT%20tren%20lp/DaA2020/pc2Client/bin/pc2v9.ini
200504 211215.398|INFO|main|setClientServerAndPort|setClientServerAndPort 203.162.10.117 parsed as 203.162.10.117 port 50002
200504 211215.398|INFO|main|info|Contacting server at 203.162.10.117:50002
200504 211215.398|INFO|main|connectToMyServer|Connecting to 203.162.10.117:50002
200504 211215.689|INFO|Thread-1|receiveUnencrypted|receiveUnencrypted(TransportWrapper, ConnectionHandlerID=Socket[addr=/203.162.10.117,port=50002,localport=55269]--4155137511095386394)
200504 211216.062|INFO|Thread-1|receiveUnencrypted|receiveUnencrypted Made a secret key for Socket[addr=/203.162.10.117,port=50002,localport=55269]--4155137511095386394 key is com.sun.crypto.provider.DESKey@184e5
200504 211216.062|INFO|Thread-1|getPublicKeyPacket|Generating Unencrypted Public Key Packet
200504 211216.062|INFO|Thread-1|getPublicKeyPacket|checking key:= SunJCE Diffie-Hellman Public Key:
y:
    82df4700 14700f13 244226f8 3ca0444d 987b12a9 8bac62c9 cdb45082 9f20d1f2
    7fecfdb2 8aa5f951 5d49edd1 27872cde 3fe1bd38 91f3650d f9cafa6f 610e4101
    3ce5e473 06c2e963 474e351a 93117402 24ea3a1b 7cfd50b1 7733c730 d9d47323
    cf44c1b0 2bf96c06 cc5dc95b f44795cb d3cff510 78665720 047b643a 68669d10
p:
    f488fd58 4e49dbcd 20b49de4 9107366b 336c380d 451d0f7c 88b31c7c 5b2d8ef6
    f3c923c0 43f0a55b 188d8ebb 558cb85d 38d334fd 7c175743 a31d186c de33212c
    b52aff3c e1b12940 18118d7c 84a70a72 d686c403 19c80729 7aca950c d9969fab
    d00a509b 0246d308 3d66a45d 419f9c7c bd894b22 1926baab a25ec355 e92f78c7
g:
    02
l:
    512
200504 211216.062|INFO|Thread-1|getPublicKeyPacket|packet:= edu.csus.ecs.pc2.core.transport.TransportWrapper@1ab3b2f
200504 214217.312|INFO|Thread-1|receive|Exception in receive for Socket[addr=/203.162.10.117,port=50002,localport=55269]--4155137511095386394
|java.net.SocketTimeoutException: Read timed out
|    at java.net.SocketInputStream.socketRead0 (Unknown Source)
|    at java.net.SocketInputStream.socketRead (Unknown Source)
|    at java.net.SocketInputStream.read (Unknown Source)
|    at java.net.SocketInputStream.read (Unknown Source)
|    at java.net.SocketInputStream.read (Unknown Source)
|    at java.io.ObjectInputStream$PeekInputStream.peek (Unknown Source)
|    at java.io.ObjectInputStream$BlockDataInputStream.peek (Unknown Source)
|    at java.io.ObjectInputStream$BlockDataInputStream.peekByte (Unknown Source)
|    at java.io.ObjectInputStream.readObject0 (Unknown Source)
|    at java.io.ObjectInputStream.readObject (Unknown Source)
|    at edu.csus.ecs.pc2.core.transport.ConnectionHandlerThread.receive (ConnectionHandlerThread.java:151)
|    at edu.csus.ecs.pc2.core.transport.ConnectionHandlerClientThread.run (ConnectionHandlerClientThread.java:65)
200504 214217.313|FINER|Thread-1|run|THROW
|edu.csus.ecs.pc2.core.transport.TransportException: Read timed out
|    at edu.csus.ecs.pc2.core.transport.ConnectionHandlerThread.receive (ConnectionHandlerThread.java:161)
|    at edu.csus.ecs.pc2.core.transport.ConnectionHandlerClientThread.run (ConnectionHandlerClientThread.java:65)
200504 214217.314|INFO|Thread-1|receive|SocketException in receive for Socket[addr=/203.162.10.117,port=50002,localport=55269]--4155137511095386394
|java.net.SocketException: Connection reset
|    at java.net.SocketInputStream.read (Unknown Source)
|    at java.net.SocketInputStream.read (Unknown Source)
|    at java.net.SocketInputStream.read (Unknown Source)
|    at java.io.ObjectInputStream$PeekInputStream.peek (Unknown Source)
|    at java.io.ObjectInputStream$BlockDataInputStream.peek (Unknown Source)
|    at java.io.ObjectInputStream$BlockDataInputStream.peekByte (Unknown Source)
|    at java.io.ObjectInputStream.readObject0 (Unknown Source)
|    at java.io.ObjectInputStream.readObject (Unknown Source)
|    at edu.csus.ecs.pc2.core.transport.ConnectionHandlerThread.receive (ConnectionHandlerThread.java:151)
|    at edu.csus.ecs.pc2.core.transport.ConnectionHandlerClientThread.run (ConnectionHandlerClientThread.java:65)
200504 214217.314|FINER|Thread-1|run|THROW
|edu.csus.ecs.pc2.core.transport.TransportException: Connection reset
|    at edu.csus.ecs.pc2.core.transport.ConnectionHandlerThread.receive (ConnectionHandlerThread.java:155)
|    at edu.csus.ecs.pc2.core.transport.ConnectionHandlerClientThread.run (ConnectionHandlerClientThread.java:65)
